manifest-merger-release-report.txt
-- Merging decision tree log ---
manifest
ADDED from AndroidManifest.xml:2:1
	xmlns:android
		ADDED from AndroidManifest.xml:2:11
	package
		ADDED from AndroidManifest.xml:3:5
	android:versionName
		ADDED from AndroidManifest.xml:5:5
	android:versionCode
		ADDED from AndroidManifest.xml:4:5
		INJECTED from AndroidManifest.xml:0:0
		INJECTED from AndroidManifest.xml:0:0
uses-permission#android.permission.VIBRATE
ADDED from AndroidManifest.xml:7:5
	android:name
		ADDED from AndroidManifest.xml:7:22
uses-permission#android.permission.INTERNET
ADDED from AndroidManifest.xml:8:5
	android:name
		ADDED from AndroidManifest.xml:8:22
uses-permission#android.permission.ACCESS_NETWORK_STATE
ADDED from AndroidManifest.xml:9:5
	android:name
		ADDED from AndroidManifest.xml:9:22
uses-permission#android.permission.RECEIVE_BOOT_COMPLETED
ADDED from AndroidManifest.xml:10:5
	android:name
		ADDED from AndroidManifest.xml:10:22
application
ADDED from AndroidManifest.xml:12:5
MERGED from com.android.support:appcompat-v7:21.0.3:16:5
MERGED from com.android.support:support-v4:21.0.3:16:5
MERGED from com.android.support:support-v4:21.0.3:16:5
MERGED from com.android.support:cardview-v7:21.0.0:16:5
MERGED from de.psdev.licensesdialog:licensesdialog:1.6.0:26:5
	android:label
		ADDED from AndroidManifest.xml:15:9
	android:allowBackup
		ADDED from AndroidManifest.xml:13:9
	android:icon
		ADDED from AndroidManifest.xml:14:9
	android:theme
		ADDED from AndroidManifest.xml:16:9
receiver#com.dongyun.sangdang.util.BootReceiver
ADDED from AndroidManifest.xml:18:9
	android:process
		ADDED from AndroidManifest.xml:19:13
	android:name
		ADDED from AndroidManifest.xml:18:19
activity#com.dongyun.sangdang.activity.MainActivity
ADDED from AndroidManifest.xml:20:9
	android:screenOrientation
		ADDED from AndroidManifest.xml:22:13
	android:label
		ADDED from AndroidManifest.xml:25:13
	android:icon
		ADDED from AndroidManifest.xml:23:13
	android:theme
		ADDED from AndroidManifest.xml:24:13
	android:name
		ADDED from AndroidManifest.xml:21:13
intent-filter#android.intent.action.MAIN+android.intent.category.LAUNCHER
ADDED from AndroidManifest.xml:26:13
action#android.intent.action.MAIN
ADDED from AndroidManifest.xml:27:17
	android:name
		ADDED from AndroidManifest.xml:27:25
category#android.intent.category.LAUNCHER
ADDED from AndroidManifest.xml:28:17
	android:name
		ADDED from AndroidManifest.xml:28:27
activity#com.dongyun.sangdang.activity.Appinfo
ADDED from AndroidManifest.xml:31:9
	android:screenOrientation
		ADDED from AndroidManifest.xml:33:13
	android:label
		ADDED from AndroidManifest.xml:34:13
	android:parentActivityName
		ADDED from AndroidManifest.xml:35:13
	android:name
		ADDED from AndroidManifest.xml:32:13
meta-data#android.support.PARENT_ACTIVITY
ADDED from AndroidManifest.xml:36:13
	android:name
		ADDED from AndroidManifest.xml:37:17
	android:value
		ADDED from AndroidManifest.xml:38:17
activity#com.dongyun.sangdang.activity.NoticesContents
ADDED from AndroidManifest.xml:40:9
	android:screenOrientation
		ADDED from AndroidManifest.xml:42:13
	android:label
		ADDED from AndroidManifest.xml:43:13
	android:name
		ADDED from AndroidManifest.xml:41:13
activity#com.dongyun.sangdang.activity.EventsContents
ADDED from AndroidManifest.xml:48:9
	android:screenOrientation
		ADDED from AndroidManifest.xml:50:13
	android:label
		ADDED from AndroidManifest.xml:51:13
	android:name
		ADDED from AndroidManifest.xml:49:13
activity#com.dongyun.sangdang.activity.NoticesActivity
ADDED from AndroidManifest.xml:56:9
	android:screenOrientation
		ADDED from AndroidManifest.xml:58:13
	android:label
		ADDED from AndroidManifest.xml:59:13
	android:theme
		ADDED from AndroidManifest.xml:60:13
	android:parentActivityName
		ADDED from AndroidManifest.xml:61:13
	android:name
		ADDED from AndroidManifest.xml:57:13
activity#com.dongyun.sangdang.activity.NParentsContents
ADDED from AndroidManifest.xml:66:9
	android:screenOrientation
		ADDED from AndroidManifest.xml:68:13
	android:label
		ADDED from AndroidManifest.xml:69:13
	android:name
		ADDED from AndroidManifest.xml:67:13
activity#com.dongyun.sangdang.activity.SchoolEvent
ADDED from AndroidManifest.xml:74:9
	android:screenOrientation
		ADDED from AndroidManifest.xml:76:13
	android:label
		ADDED from AndroidManifest.xml:77:13
	android:parentActivityName
		ADDED from AndroidManifest.xml:78:13
	android:name
		ADDED from AndroidManifest.xml:75:13
activity#com.dongyun.sangdang.activity.Meal
ADDED from AndroidManifest.xml:83:9
	android:screenOrientation
		ADDED from AndroidManifest.xml:85:13
	android:label
		ADDED from AndroidManifest.xml:86:13
	android:name
		ADDED from AndroidManifest.xml:84:13
activity#com.dongyun.sangdang.activity.Schedule
ADDED from AndroidManifest.xml:91:9
	android:screenOrientation
		ADDED from AndroidManifest.xml:93:13
	android:label
		ADDED from AndroidManifest.xml:94:13
	android:theme
		ADDED from AndroidManifest.xml:95:13
	android:name
		ADDED from AndroidManifest.xml:92:13
activity#com.dongyun.sangdang.activity.Schoolintro
ADDED from AndroidManifest.xml:100:9
	android:screenOrientation
		ADDED from AndroidManifest.xml:102:13
	android:label
		ADDED from AndroidManifest.xml:103:13
	android:name
		ADDED from AndroidManifest.xml:101:13
activity#com.dongyun.sangdang.activity.Doc_Readme
ADDED from AndroidManifest.xml:108:9
	android:screenOrientation
		ADDED from AndroidManifest.xml:110:13
	android:label
		ADDED from AndroidManifest.xml:111:13
	android:parentActivityName
		ADDED from AndroidManifest.xml:112:13
	android:name
		ADDED from AndroidManifest.xml:109:13
activity#com.dongyun.sangdang.activity.Doc_Contributors
ADDED from AndroidManifest.xml:117:9
	android:screenOrientation
		ADDED from AndroidManifest.xml:119:13
	android:label
		ADDED from AndroidManifest.xml:120:13
	android:parentActivityName
		ADDED from AndroidManifest.xml:121:13
	android:name
		ADDED from AndroidManifest.xml:118:13
activity#com.dongyun.sangdang.activity.WebViewActivity
ADDED from AndroidManifest.xml:126:9
	android:label
		ADDED from AndroidManifest.xml:128:13
	android:name
		ADDED from AndroidManifest.xml:127:13
uses-sdk
INJECTED from AndroidManifest.xml:0:0 reason: use-sdk injection requested
MERGED from com.android.support:appcompat-v7:21.0.3:15:5
MERGED from com.android.support:support-v4:21.0.3:15:5
MERGED from com.android.support:support-v4:21.0.3:15:5
MERGED from com.android.support:cardview-v7:21.0.0:15:5
MERGED from de.psdev.licensesdialog:licensesdialog:1.6.0:23:5
MERGED from de.keyboardsurfer.android.widget:crouton:1.8.5:22:5
	android:targetSdkVersion
		INJECTED from AndroidManifest.xml:0:0
		INJECTED from AndroidManifest.xml:0:0
	android:minSdkVersion
		INJECTED from AndroidManifest.xml:0:0
		INJECTED from AndroidManifest.xml:0:0